<?xml version="1.0" encoding="UTF-8"?>
<testsuite xmlns:xsi="http://www.w3.org/2001/XMLSchema-instance" xsi:noNamespaceSchemaLocation="https://maven.apache.org/surefire/maven-surefire-plugin/xsd/surefire-test-report-3.0.xsd" version="3.0" name="unlp.info.bd2.ToursQuerysTests" time="0.762" tests="11" errors="0" skipped="0" failures="0">
  <properties>
[...]
</properties>
  <testcase name="getRoutsNotSellTest" classname="unlp.info.bd2.ToursQuerysTests" time="0.02">
    <system-out><![CDATA[21:19:02.216 [main] INFO org.hibernate.cache.internal.RegionFactoryInitiator -- HHH000026: Second-level cache disabled
21:19:02.228 [main] WARN org.hibernate.orm.deprecation -- HHH90000025: MySQLDialect does not need to be specified explicitly using 'hibernate.dialect' (remove the property setting and it will be selected by default)
21:19:02.283 [main] INFO org.hibernate.engine.transaction.jta.platform.internal.JtaPlatformInitiator -- HHH000489: No JTA platform available (set 'hibernate.transaction.jta.platform' to enable JTA platform integration)
Hibernate: 
    alter table DriverUser 
       drop 
       foreign key FKjo15tgupu38cty56bnnsp4h72
Hibernate: 
    alter table ItemService 
       drop 
       foreign key FK3irqogllelbjchciuu8lkqhsa
Hibernate: 
    alter table ItemService 
       drop 
       foreign key FK9qy0l54bu71fed4qcr5w2a6jj
Hibernate: 
    alter table Purchase 
       drop 
       foreign key FKmegulceyii61cx6yvqjk2arme
Hibernate: 
    alter table Purchase 
       drop 
       foreign key FKdukhkwen2608e4liccoh1w3lb
Hibernate: 
    alter table Review 
       drop 
       foreign key FKllu3c5acfdsewb2fg2s1e0dfd
Hibernate: 
    alter table route_driver 
       drop 
       foreign key FK7ysar7gv235o6p949ll75duu
Hibernate: 
    alter table route_driver 
       drop 
       foreign key FKf5b89brixnxjua499h8akt4dt
Hibernate: 
    alter table Route_Stop 
       drop 
       foreign key FKe5p5u69gququgf1qbplkkmtwd
Hibernate: 
    alter table Route_Stop 
       drop 
       foreign key FKal3h2db8wl7dws2ahp1st7l0d
Hibernate: 
    alter table route_tour_guide 
       drop 
       foreign key FK9w5ai29f9s3ce72th5wulvy3m
Hibernate: 
    alter table route_tour_guide 
       drop 
       foreign key FKoww2lqttcney9mvsqwj13u0x0
Hibernate: 
    alter table Service 
       drop 
       foreign key FK7r8rfu8lnotaryukymhmmt4x2
Hibernate: 
    alter table TourGuideUser 
       drop 
       foreign key FKtff485xe3l819h2a5w0s824dx
Hibernate: 
    drop table if exists DriverUser
Hibernate: 
    drop table if exists ItemService
Hibernate: 
    drop table if exists Purchase
Hibernate: 
    drop table if exists Review
Hibernate: 
    drop table if exists Route
Hibernate: 
    drop table if exists route_driver
Hibernate: 
    drop table if exists Route_Stop
Hibernate: 
    drop table if exists route_tour_guide
Hibernate: 
    drop table if exists Service
Hibernate: 
    drop table if exists Stop
Hibernate: 
    drop table if exists Supplier
Hibernate: 
    drop table if exists TourGuideUser
Hibernate: 
    drop table if exists User
Hibernate: 
    create table DriverUser (
        id bigint not null,
        expedient varchar(255) not null,
        primary key (id)
    ) engine=InnoDB
Hibernate: 
    create table ItemService (
        quantity integer not null,
        id bigint not null auto_increment,
        purchase_id bigint,
        service_id bigint,
        primary key (id)
    ) engine=InnoDB
Hibernate: 
    create table Purchase (
        totalPrice float(23) not null,
        date datetime(6),
        id bigint not null auto_increment,
        route_id bigint,
        user_id bigint,
        code varchar(255),
        primary key (id)
    ) engine=InnoDB
Hibernate: 
    create table Review (
        rating integer not null,
        id bigint not null auto_increment,
        purchase_id bigint not null,
        comment varchar(255),
        primary key (id)
    ) engine=InnoDB
Hibernate: 
    create table Route (
        maxNumberUsers integer not null,
        price float(23) not null,
        totalKm float(23) not null,
        id bigint not null auto_increment,
        name varchar(255) not null,
        primary key (id)
    ) engine=InnoDB
Hibernate: 
    create table route_driver (
        driver_id bigint not null,
        route_id bigint not null
    ) engine=InnoDB
Hibernate: 
    create table Route_Stop (
        Route_id bigint not null,
        stops_id bigint not null
    ) engine=InnoDB
Hibernate: 
    create table route_tour_guide (
        route_id bigint not null,
        tour_guide_id bigint not null
    ) engine=InnoDB
Hibernate: 
    create table Service (
        price float(23) not null,
        id bigint not null auto_increment,
        supplier_id bigint,
        name varchar(100) not null,
        description varchar(255),
        primary key (id)
    ) engine=InnoDB
Hibernate: 
    create table Stop (
        id bigint not null auto_increment,
        description varchar(255),
        name varchar(255) not null,
        primary key (id)
    ) engine=InnoDB
Hibernate: 
    create table Supplier (
        id bigint not null auto_increment,
        authorizationNumber varchar(255),
        businessName varchar(255),
        primary key (id)
    ) engine=InnoDB
Hibernate: 
    create table TourGuideUser (
        id bigint not null,
        education varchar(255) not null,
        primary key (id)
    ) engine=InnoDB
Hibernate: 
    create table User (
        active bit not null,
        birthdate datetime(6),
        id bigint not null auto_increment,
        email varchar(255),
        name varchar(255),
        password varchar(255),
        phoneNumber varchar(255),
        username varchar(255),
        primary key (id)
    ) engine=InnoDB
Hibernate: 
    alter table Review 
       add constraint UK_k1hayctsk7sh28pkewme2cpwh unique (purchase_id)
Hibernate: 
    alter table Route 
       add constraint UK_75eoqwj6w0qmc1jl2797t5hil unique (name)
Hibernate: 
    alter table DriverUser 
       add constraint FKjo15tgupu38cty56bnnsp4h72 
       foreign key (id) 
       references User (id)
Hibernate: 
    alter table ItemService 
       add constraint FK3irqogllelbjchciuu8lkqhsa 
       foreign key (purchase_id) 
       references Purchase (id)
Hibernate: 
    alter table ItemService 
       add constraint FK9qy0l54bu71fed4qcr5w2a6jj 
       foreign key (service_id) 
       references Service (id)
Hibernate: 
    alter table Purchase 
       add constraint FKmegulceyii61cx6yvqjk2arme 
       foreign key (route_id) 
       references Route (id)
Hibernate: 
    alter table Purchase 
       add constraint FKdukhkwen2608e4liccoh1w3lb 
       foreign key (user_id) 
       references User (id)
Hibernate: 
    alter table Review 
       add constraint FKllu3c5acfdsewb2fg2s1e0dfd 
       foreign key (purchase_id) 
       references Purchase (id)
Hibernate: 
    alter table route_driver 
       add constraint FK7ysar7gv235o6p949ll75duu 
       foreign key (driver_id) 
       references DriverUser (id)
Hibernate: 
    alter table route_driver 
       add constraint FKf5b89brixnxjua499h8akt4dt 
       foreign key (route_id) 
       references Route (id)
Hibernate: 
    alter table Route_Stop 
       add constraint FKe5p5u69gququgf1qbplkkmtwd 
       foreign key (stops_id) 
       references Stop (id)
Hibernate: 
    alter table Route_Stop 
       add constraint FKal3h2db8wl7dws2ahp1st7l0d 
       foreign key (Route_id) 
       references Route (id)
Hibernate: 
    alter table route_tour_guide 
       add constraint FK9w5ai29f9s3ce72th5wulvy3m 
       foreign key (tour_guide_id) 
       references TourGuideUser (id)
Hibernate: 
    alter table route_tour_guide 
       add constraint FKoww2lqttcney9mvsqwj13u0x0 
       foreign key (route_id) 
       references Route (id)
Hibernate: 
    alter table Service 
       add constraint FK7r8rfu8lnotaryukymhmmt4x2 
       foreign key (supplier_id) 
       references Supplier (id)
Hibernate: 
    alter table TourGuideUser 
       add constraint FKtff485xe3l819h2a5w0s824dx 
       foreign key (id) 
       references User (id)
Hibernate: 
    select
        s1_0.id,
        s1_0.authorizationNumber,
        s1_0.businessName 
    from
        Supplier s1_0 
    where
        s1_0.authorizationNumber=?
Hibernate: 
    insert 
    into
        Supplier
        (authorizationNumber, businessName) 
    values
        (?, ?)
Hibernate: 
    select
        s1_0.id,
        s1_0.authorizationNumber,
        s1_0.businessName 
    from
        Supplier s1_0 
    where
        s1_0.authorizationNumber=?
Hibernate: 
    insert 
    into
        Supplier
        (authorizationNumber, businessName) 
    values
        (?, ?)
Hibernate: 
    select
        s1_0.id,
        s1_0.authorizationNumber,
        s1_0.businessName 
    from
        Supplier s1_0 
    where
        s1_0.authorizationNumber=?
Hibernate: 
    insert 
    into
        Supplier
        (authorizationNumber, businessName) 
    values
        (?, ?)
Hibernate: 
    select
        s1_0.id,
        s1_0.authorizationNumber,
        s1_0.businessName 
    from
        Supplier s1_0 
    where
        s1_0.authorizationNumber=?
Hibernate: 
    insert 
    into
        Supplier
        (authorizationNumber, businessName) 
    values
        (?, ?)
Hibernate: 
    select
        s1_0.id,
        s1_0.authorizationNumber,
        s1_0.businessName 
    from
        Supplier s1_0 
    where
        s1_0.authorizationNumber=?
Hibernate: 
    insert 
    into
        Supplier
        (authorizationNumber, businessName) 
    values
        (?, ?)
Hibernate: 
    insert 
    into
        Service
        (description, name, price, supplier_id) 
    values
        (?, ?, ?, ?)
Hibernate: 
    insert 
    into
        Service
        (description, name, price, supplier_id) 
    values
        (?, ?, ?, ?)
Hibernate: 
    insert 
    into
        Service
        (description, name, price, supplier_id) 
    values
        (?, ?, ?, ?)
Hibernate: 
    insert 
    into
        Service
        (description, name, price, supplier_id) 
    values
        (?, ?, ?, ?)
Hibernate: 
    insert 
    into
        Service
        (description, name, price, supplier_id) 
    values
        (?, ?, ?, ?)
Hibernate: 
    insert 
    into
        Service
        (description, name, price, supplier_id) 
    values
        (?, ?, ?, ?)
Hibernate: 
    insert 
    into
        Service
        (description, name, price, supplier_id) 
    values
        (?, ?, ?, ?)
Hibernate: 
    insert 
    into
        Service
        (description, name, price, supplier_id) 
    values
        (?, ?, ?, ?)
Hibernate: 
    insert 
    into
        Service
        (description, name, price, supplier_id) 
    values
        (?, ?, ?, ?)
Hibernate: 
    insert 
    into
        Stop
        (description, name) 
    values
        (?, ?)
Hibernate: 
    insert 
    into
        Stop
        (description, name) 
    values
        (?, ?)
Hibernate: 
    insert 
    into
        Stop
        (description, name) 
    values
        (?, ?)
Hibernate: 
    insert 
    into
        Stop
        (description, name) 
    values
        (?, ?)
Hibernate: 
    insert 
    into
        Stop
        (description, name) 
    values
        (?, ?)
Hibernate: 
    insert 
    into
        Stop
        (description, name) 
    values
        (?, ?)
Hibernate: 
    insert 
    into
        Stop
        (description, name) 
    values
        (?, ?)
Hibernate: 
    insert 
    into
        Stop
        (description, name) 
    values
        (?, ?)
Hibernate: 
    insert 
    into
        Stop
        (description, name) 
    values
        (?, ?)
Hibernate: 
    insert 
    into
        Stop
        (description, name) 
    values
        (?, ?)
Hibernate: 
    insert 
    into
        Stop
        (description, name) 
    values
        (?, ?)
Hibernate: 
    insert 
    into
        Stop
        (description, name) 
    values
        (?, ?)
Hibernate: 
    insert 
    into
        Stop
        (description, name) 
    values
        (?, ?)
Hibernate: 
    insert 
    into
        Stop
        (description, name) 
    values
        (?, ?)
Hibernate: 
    insert 
    into
        Stop
        (description, name) 
    values
        (?, ?)
Hibernate: 
    insert 
    into
        Stop
        (description, name) 
    values
        (?, ?)
Hibernate: 
    insert 
    into
        Stop
        (description, name) 
    values
        (?, ?)
Hibernate: 
    insert 
    into
        Stop
        (description, name) 
    values
        (?, ?)
Hibernate: 
    insert 
    into
        Stop
        (description, name) 
    values
        (?, ?)
Hibernate: 
    insert 
    into
        Stop
        (description, name) 
    values
        (?, ?)
Hibernate: 
    select
        u1_0.id,
        case 
            when u1_1.id is not null 
                then 1 
            when u1_2.id is not null 
                then 2 
            when u1_0.id is not null 
                then 0 
            end,
            u1_0.active,
            u1_0.birthdate,
            u1_0.email,
            u1_0.name,
            u1_0.password,
            u1_0.phoneNumber,
            u1_0.username,
            u1_1.expedient,
            u1_1.id,
            u1_2.education,
            u1_2.id 
        from
            User u1_0 
        left join
            DriverUser u1_1 
                on u1_0.id=u1_1.id 
        left join
            TourGuideUser u1_2 
                on u1_0.id=u1_2.id 
        where
            u1_0.username=?
Hibernate: 
    insert 
    into
        User
        (active, birthdate, email, name, password, phoneNumber, username) 
    values
        (?, ?, ?, ?, ?, ?, ?)
Hibernate: 
    select
        u1_0.id,
        case 
            when u1_1.id is not null 
                then 1 
            when u1_2.id is not null 
                then 2 
            when u1_0.id is not null 
                then 0 
            end,
            u1_0.active,
            u1_0.birthdate,
            u1_0.email,
            u1_0.name,
            u1_0.password,
            u1_0.phoneNumber,
            u1_0.username,
            u1_1.expedient,
            u1_1.id,
            u1_2.education,
            u1_2.id 
        from
            User u1_0 
        left join
            DriverUser u1_1 
                on u1_0.id=u1_1.id 
        left join
            TourGuideUser u1_2 
                on u1_0.id=u1_2.id 
        where
            u1_0.username=?
Hibernate: 
    insert 
    into
        User
        (active, birthdate, email, name, password, phoneNumber, username) 
    values
        (?, ?, ?, ?, ?, ?, ?)
Hibernate: 
    select
        u1_0.id,
        case 
            when u1_1.id is not null 
                then 1 
            when u1_2.id is not null 
                then 2 
            when u1_0.id is not null 
                then 0 
            end,
            u1_0.active,
            u1_0.birthdate,
            u1_0.email,
            u1_0.name,
            u1_0.password,
            u1_0.phoneNumber,
            u1_0.username,
            u1_1.expedient,
            u1_1.id,
            u1_2.education,
            u1_2.id 
        from
            User u1_0 
        left join
            DriverUser u1_1 
                on u1_0.id=u1_1.id 
        left join
            TourGuideUser u1_2 
                on u1_0.id=u1_2.id 
        where
            u1_0.username=?
Hibernate: 
    insert 
    into
        User
        (active, birthdate, email, name, password, phoneNumber, username) 
    values
        (?, ?, ?, ?, ?, ?, ?)
Hibernate: 
    select
        u1_0.id,
        case 
            when u1_1.id is not null 
                then 1 
            when u1_2.id is not null 
                then 2 
            when u1_0.id is not null 
                then 0 
            end,
            u1_0.active,
            u1_0.birthdate,
            u1_0.email,
            u1_0.name,
            u1_0.password,
            u1_0.phoneNumber,
            u1_0.username,
            u1_1.expedient,
            u1_1.id,
            u1_2.education,
            u1_2.id 
        from
            User u1_0 
        left join
            DriverUser u1_1 
                on u1_0.id=u1_1.id 
        left join
            TourGuideUser u1_2 
                on u1_0.id=u1_2.id 
        where
            u1_0.username=?
Hibernate: 
    insert 
    into
        User
        (active, birthdate, email, name, password, phoneNumber, username) 
    values
        (?, ?, ?, ?, ?, ?, ?)
Hibernate: 
    select
        u1_0.id,
        case 
            when u1_1.id is not null 
                then 1 
            when u1_2.id is not null 
                then 2 
            when u1_0.id is not null 
                then 0 
            end,
            u1_0.active,
            u1_0.birthdate,
            u1_0.email,
            u1_0.name,
            u1_0.password,
            u1_0.phoneNumber,
            u1_0.username,
            u1_1.expedient,
            u1_1.id,
            u1_2.education,
            u1_2.id 
        from
            User u1_0 
        left join
            DriverUser u1_1 
                on u1_0.id=u1_1.id 
        left join
            TourGuideUser u1_2 
                on u1_0.id=u1_2.id 
        where
            u1_0.username=?
Hibernate: 
    insert 
    into
        User
        (active, birthdate, email, name, password, phoneNumber, username) 
    values
        (?, ?, ?, ?, ?, ?, ?)
Hibernate: 
    select
        u1_0.id,
        case 
            when u1_1.id is not null 
                then 1 
            when u1_2.id is not null 
                then 2 
            when u1_0.id is not null 
                then 0 
            end,
            u1_0.active,
            u1_0.birthdate,
            u1_0.email,
            u1_0.name,
            u1_0.password,
            u1_0.phoneNumber,
            u1_0.username,
            u1_1.expedient,
            u1_1.id,
            u1_2.education,
            u1_2.id 
        from
            User u1_0 
        left join
            DriverUser u1_1 
                on u1_0.id=u1_1.id 
        left join
            TourGuideUser u1_2 
                on u1_0.id=u1_2.id 
        where
            u1_0.username=?
Hibernate: 
    insert 
    into
        User
        (active, birthdate, email, name, password, phoneNumber, username) 
    values
        (?, ?, ?, ?, ?, ?, ?)
Hibernate: 
    select
        u1_0.id,
        case 
            when u1_1.id is not null 
                then 1 
            when u1_2.id is not null 
                then 2 
            when u1_0.id is not null 
                then 0 
            end,
            u1_0.active,
            u1_0.birthdate,
            u1_0.email,
            u1_0.name,
            u1_0.password,
            u1_0.phoneNumber,
            u1_0.username,
            u1_1.expedient,
            u1_1.id,
            u1_2.education,
            u1_2.id 
        from
            User u1_0 
        left join
            DriverUser u1_1 
                on u1_0.id=u1_1.id 
        left join
            TourGuideUser u1_2 
                on u1_0.id=u1_2.id 
        where
            u1_0.username=?
Hibernate: 
    insert 
    into
        User
        (active, birthdate, email, name, password, phoneNumber, username) 
    values
        (?, ?, ?, ?, ?, ?, ?)
Hibernate: 
    select
        u1_0.id,
        case 
            when u1_1.id is not null 
                then 1 
            when u1_2.id is not null 
                then 2 
            when u1_0.id is not null 
                then 0 
            end,
            u1_0.active,
            u1_0.birthdate,
            u1_0.email,
            u1_0.name,
            u1_0.password,
            u1_0.phoneNumber,
            u1_0.username,
            u1_1.expedient,
            u1_1.id,
            u1_2.education,
            u1_2.id 
        from
            User u1_0 
        left join
            DriverUser u1_1 
                on u1_0.id=u1_1.id 
        left join
            TourGuideUser u1_2 
                on u1_0.id=u1_2.id 
        where
            u1_0.username=?
Hibernate: 
    insert 
    into
        User
        (active, birthdate, email, name, password, phoneNumber, username) 
    values
        (?, ?, ?, ?, ?, ?, ?)
Hibernate: 
    select
        u1_0.id,
        case 
            when u1_1.id is not null 
                then 1 
            when u1_2.id is not null 
                then 2 
            when u1_0.id is not null 
                then 0 
            end,
            u1_0.active,
            u1_0.birthdate,
            u1_0.email,
            u1_0.name,
            u1_0.password,
            u1_0.phoneNumber,
            u1_0.username,
            u1_1.expedient,
            u1_1.id,
            u1_2.education,
            u1_2.id 
        from
            User u1_0 
        left join
            DriverUser u1_1 
                on u1_0.id=u1_1.id 
        left join
            TourGuideUser u1_2 
                on u1_0.id=u1_2.id 
        where
            u1_0.username=?
Hibernate: 
    insert 
    into
        User
        (active, birthdate, email, name, password, phoneNumber, username) 
    values
        (?, ?, ?, ?, ?, ?, ?)
Hibernate: 
    select
        u1_0.id,
        case 
            when u1_1.id is not null 
                then 1 
            when u1_2.id is not null 
                then 2 
            when u1_0.id is not null 
                then 0 
            end,
            u1_0.active,
            u1_0.birthdate,
            u1_0.email,
            u1_0.name,
            u1_0.password,
            u1_0.phoneNumber,
            u1_0.username,
            u1_1.expedient,
            u1_1.id,
            u1_2.education,
            u1_2.id 
        from
            User u1_0 
        left join
            DriverUser u1_1 
                on u1_0.id=u1_1.id 
        left join
            TourGuideUser u1_2 
                on u1_0.id=u1_2.id 
        where
            u1_0.username=?
Hibernate: 
    insert 
    into
        User
        (active, birthdate, email, name, password, phoneNumber, username) 
    values
        (?, ?, ?, ?, ?, ?, ?)
Hibernate: 
    select
        u1_0.id,
        case 
            when u1_1.id is not null 
                then 1 
            when u1_2.id is not null 
                then 2 
            when u1_0.id is not null 
                then 0 
            end,
            u1_0.active,
            u1_0.birthdate,
            u1_0.email,
            u1_0.name,
            u1_0.password,
            u1_0.phoneNumber,
            u1_0.username,
            u1_1.expedient,
            u1_1.id,
            u1_2.education,
            u1_2.id 
        from
            User u1_0 
        left join
            DriverUser u1_1 
                on u1_0.id=u1_1.id 
        left join
            TourGuideUser u1_2 
                on u1_0.id=u1_2.id 
        where
            u1_0.username=?
Hibernate: 
    insert 
    into
        User
        (active, birthdate, email, name, password, phoneNumber, username) 
    values
        (?, ?, ?, ?, ?, ?, ?)
Hibernate: 
    insert 
    into
        DriverUser
        (expedient, id) 
    values
        (?, ?)
Hibernate: 
    select
        u1_0.id,
        case 
            when u1_1.id is not null 
                then 1 
            when u1_2.id is not null 
                then 2 
            when u1_0.id is not null 
                then 0 
            end,
            u1_0.active,
            u1_0.birthdate,
            u1_0.email,
            u1_0.name,
            u1_0.password,
            u1_0.phoneNumber,
            u1_0.username,
            u1_1.expedient,
            u1_1.id,
            u1_2.education,
            u1_2.id 
        from
            User u1_0 
        left join
            DriverUser u1_1 
                on u1_0.id=u1_1.id 
        left join
            TourGuideUser u1_2 
                on u1_0.id=u1_2.id 
        where
            u1_0.username=?
Hibernate: 
    insert 
    into
        User
        (active, birthdate, email, name, password, phoneNumber, username) 
    values
        (?, ?, ?, ?, ?, ?, ?)
Hibernate: 
    insert 
    into
        DriverUser
        (expedient, id) 
    values
        (?, ?)
Hibernate: 
    select
        u1_0.id,
        case 
            when u1_1.id is not null 
                then 1 
            when u1_2.id is not null 
                then 2 
            when u1_0.id is not null 
                then 0 
            end,
            u1_0.active,
            u1_0.birthdate,
            u1_0.email,
            u1_0.name,
            u1_0.password,
            u1_0.phoneNumber,
            u1_0.username,
            u1_1.expedient,
            u1_1.id,
            u1_2.education,
            u1_2.id 
        from
            User u1_0 
        left join
            DriverUser u1_1 
                on u1_0.id=u1_1.id 
        left join
            TourGuideUser u1_2 
                on u1_0.id=u1_2.id 
        where
            u1_0.username=?
Hibernate: 
    insert 
    into
        User
        (active, birthdate, email, name, password, phoneNumber, username) 
    values
        (?, ?, ?, ?, ?, ?, ?)
Hibernate: 
    insert 
    into
        DriverUser
        (expedient, id) 
    values
        (?, ?)
Hibernate: 
    select
        u1_0.id,
        case 
            when u1_1.id is not null 
                then 1 
            when u1_2.id is not null 
                then 2 
            when u1_0.id is not null 
                then 0 
            end,
            u1_0.active,
            u1_0.birthdate,
            u1_0.email,
            u1_0.name,
            u1_0.password,
            u1_0.phoneNumber,
            u1_0.username,
            u1_1.expedient,
            u1_1.id,
            u1_2.education,
            u1_2.id 
        from
            User u1_0 
        left join
            DriverUser u1_1 
                on u1_0.id=u1_1.id 
        left join
            TourGuideUser u1_2 
                on u1_0.id=u1_2.id 
        where
            u1_0.username=?
Hibernate: 
    insert 
    into
        User
        (active, birthdate, email, name, password, phoneNumber, username) 
    values
        (?, ?, ?, ?, ?, ?, ?)
Hibernate: 
    insert 
    into
        DriverUser
        (expedient, id) 
    values
        (?, ?)
Hibernate: 
    select
        u1_0.id,
        case 
            when u1_1.id is not null 
                then 1 
            when u1_2.id is not null 
                then 2 
            when u1_0.id is not null 
                then 0 
            end,
            u1_0.active,
            u1_0.birthdate,
            u1_0.email,
            u1_0.name,
            u1_0.password,
            u1_0.phoneNumber,
            u1_0.username,
            u1_1.expedient,
            u1_1.id,
            u1_2.education,
            u1_2.id 
        from
            User u1_0 
        left join
            DriverUser u1_1 
                on u1_0.id=u1_1.id 
        left join
            TourGuideUser u1_2 
                on u1_0.id=u1_2.id 
        where
            u1_0.username=?
Hibernate: 
    insert 
    into
        User
        (active, birthdate, email, name, password, phoneNumber, username) 
    values
        (?, ?, ?, ?, ?, ?, ?)
Hibernate: 
    insert 
    into
        TourGuideUser
        (education, id) 
    values
        (?, ?)
Hibernate: 
    select
        u1_0.id,
        case 
            when u1_1.id is not null 
                then 1 
            when u1_2.id is not null 
                then 2 
            when u1_0.id is not null 
                then 0 
            end,
            u1_0.active,
            u1_0.birthdate,
            u1_0.email,
            u1_0.name,
            u1_0.password,
            u1_0.phoneNumber,
            u1_0.username,
            u1_1.expedient,
            u1_1.id,
            u1_2.education,
            u1_2.id 
        from
            User u1_0 
        left join
            DriverUser u1_1 
                on u1_0.id=u1_1.id 
        left join
            TourGuideUser u1_2 
                on u1_0.id=u1_2.id 
        where
            u1_0.username=?
Hibernate: 
    insert 
    into
        User
        (active, birthdate, email, name, password, phoneNumber, username) 
    values
        (?, ?, ?, ?, ?, ?, ?)
Hibernate: 
    insert 
    into
        TourGuideUser
        (education, id) 
    values
        (?, ?)
Hibernate: 
    select
        u1_0.id,
        case 
            when u1_1.id is not null 
                then 1 
            when u1_2.id is not null 
                then 2 
            when u1_0.id is not null 
                then 0 
            end,
            u1_0.active,
            u1_0.birthdate,
            u1_0.email,
            u1_0.name,
            u1_0.password,
            u1_0.phoneNumber,
            u1_0.username,
            u1_1.expedient,
            u1_1.id,
            u1_2.education,
            u1_2.id 
        from
            User u1_0 
        left join
            DriverUser u1_1 
                on u1_0.id=u1_1.id 
        left join
            TourGuideUser u1_2 
                on u1_0.id=u1_2.id 
        where
            u1_0.username=?
Hibernate: 
    insert 
    into
        User
        (active, birthdate, email, name, password, phoneNumber, username) 
    values
        (?, ?, ?, ?, ?, ?, ?)
Hibernate: 
    insert 
    into
        TourGuideUser
        (education, id) 
    values
        (?, ?)
Hibernate: 
    select
        u1_0.id,
        case 
            when u1_1.id is not null 
                then 1 
            when u1_2.id is not null 
                then 2 
            when u1_0.id is not null 
                then 0 
            end,
            u1_0.active,
            u1_0.birthdate,
            u1_0.email,
            u1_0.name,
            u1_0.password,
            u1_0.phoneNumber,
            u1_0.username,
            u1_1.expedient,
            u1_1.id,
            u1_2.education,
            u1_2.id 
        from
            User u1_0 
        left join
            DriverUser u1_1 
                on u1_0.id=u1_1.id 
        left join
            TourGuideUser u1_2 
                on u1_0.id=u1_2.id 
        where
            u1_0.username=?
Hibernate: 
    insert 
    into
        User
        (active, birthdate, email, name, password, phoneNumber, username) 
    values
        (?, ?, ?, ?, ?, ?, ?)
Hibernate: 
    insert 
    into
        TourGuideUser
        (education, id) 
    values
        (?, ?)
Hibernate: 
    insert 
    into
        Route
        (maxNumberUsers, name, price, totalKm) 
    values
        (?, ?, ?, ?)
Hibernate: 
    insert 
    into
        Route
        (maxNumberUsers, name, price, totalKm) 
    values
        (?, ?, ?, ?)
Hibernate: 
    insert 
    into
        Route
        (maxNumberUsers, name, price, totalKm) 
    values
        (?, ?, ?, ?)
Hibernate: 
    insert 
    into
        Route
        (maxNumberUsers, name, price, totalKm) 
    values
        (?, ?, ?, ?)
Hibernate: 
    insert 
    into
        Route
        (maxNumberUsers, name, price, totalKm) 
    values
        (?, ?, ?, ?)
Hibernate: 
    insert 
    into
        route_driver
        (route_id, driver_id) 
    values
        (?, ?)
Hibernate: 
    insert 
    into
        route_driver
        (route_id, driver_id) 
    values
        (?, ?)
Hibernate: 
    insert 
    into
        Route_Stop
        (Route_id, stops_id) 
    values
        (?, ?)
Hibernate: 
    insert 
    into
        Route_Stop
        (Route_id, stops_id) 
    values
        (?, ?)
Hibernate: 
    insert 
    into
        Route_Stop
        (Route_id, stops_id) 
    values
        (?, ?)
Hibernate: 
    insert 
    into
        Route_Stop
        (Route_id, stops_id) 
    values
        (?, ?)
Hibernate: 
    insert 
    into
        Route_Stop
        (Route_id, stops_id) 
    values
        (?, ?)
Hibernate: 
    insert 
    into
        Route_Stop
        (Route_id, stops_id) 
    values
        (?, ?)
Hibernate: 
    insert 
    into
        Route_Stop
        (Route_id, stops_id) 
    values
        (?, ?)
Hibernate: 
    insert 
    into
        Route_Stop
        (Route_id, stops_id) 
    values
        (?, ?)
Hibernate: 
    insert 
    into
        Route_Stop
        (Route_id, stops_id) 
    values
        (?, ?)
Hibernate: 
    insert 
    into
        route_tour_guide
        (route_id, tour_guide_id) 
    values
        (?, ?)
Hibernate: 
    insert 
    into
        route_driver
        (route_id, driver_id) 
    values
        (?, ?)
Hibernate: 
    insert 
    into
        route_driver
        (route_id, driver_id) 
    values
        (?, ?)
Hibernate: 
    insert 
    into
        Route_Stop
        (Route_id, stops_id) 
    values
        (?, ?)
Hibernate: 
    insert 
    into
        Route_Stop
        (Route_id, stops_id) 
    values
        (?, ?)
Hibernate: 
    insert 
    into
        Route_Stop
        (Route_id, stops_id) 
    values
        (?, ?)
Hibernate: 
    insert 
    into
        Route_Stop
        (Route_id, stops_id) 
    values
        (?, ?)
Hibernate: 
    insert 
    into
        Route_Stop
        (Route_id, stops_id) 
    values
        (?, ?)
Hibernate: 
    insert 
    into
        Route_Stop
        (Route_id, stops_id) 
    values
        (?, ?)
Hibernate: 
    insert 
    into
        route_tour_guide
        (route_id, tour_guide_id) 
    values
        (?, ?)
Hibernate: 
    insert 
    into
        route_tour_guide
        (route_id, tour_guide_id) 
    values
        (?, ?)
Hibernate: 
    insert 
    into
        route_driver
        (route_id, driver_id) 
    values
        (?, ?)
Hibernate: 
    insert 
    into
        Route_Stop
        (Route_id, stops_id) 
    values
        (?, ?)
Hibernate: 
    insert 
    into
        Route_Stop
        (Route_id, stops_id) 
    values
        (?, ?)
Hibernate: 
    insert 
    into
        Route_Stop
        (Route_id, stops_id) 
    values
        (?, ?)
Hibernate: 
    insert 
    into
        Route_Stop
        (Route_id, stops_id) 
    values
        (?, ?)
Hibernate: 
    insert 
    into
        Route_Stop
        (Route_id, stops_id) 
    values
        (?, ?)
Hibernate: 
    insert 
    into
        Route_Stop
        (Route_id, stops_id) 
    values
        (?, ?)
Hibernate: 
    insert 
    into
        route_tour_guide
        (route_id, tour_guide_id) 
    values
        (?, ?)
Hibernate: 
    insert 
    into
        route_driver
        (route_id, driver_id) 
    values
        (?, ?)
Hibernate: 
    insert 
    into
        Route_Stop
        (Route_id, stops_id) 
    values
        (?, ?)
Hibernate: 
    insert 
    into
        Route_Stop
        (Route_id, stops_id) 
    values
        (?, ?)
Hibernate: 
    insert 
    into
        Route_Stop
        (Route_id, stops_id) 
    values
        (?, ?)
Hibernate: 
    insert 
    into
        route_tour_guide
        (route_id, tour_guide_id) 
    values
        (?, ?)
Hibernate: 
    insert 
    into
        route_tour_guide
        (route_id, tour_guide_id) 
    values
        (?, ?)
Hibernate: 
    insert 
    into
        Route_Stop
        (Route_id, stops_id) 
    values
        (?, ?)
Hibernate: 
    insert 
    into
        Route_Stop
        (Route_id, stops_id) 
    values
        (?, ?)
Hibernate: 
    select
        count(p1_0.id) 
    from
        Purchase p1_0 
    where
        p1_0.route_id=?
Hibernate: 
    insert 
    into
        Purchase
        (code, date, route_id, totalPrice, user_id) 
    values
        (?, ?, ?, ?, ?)
Hibernate: 
    select
        count(p1_0.id) 
    from
        Purchase p1_0 
    where
        p1_0.route_id=?
Hibernate: 
    insert 
    into
        Purchase
        (code, date, route_id, totalPrice, user_id) 
    values
        (?, ?, ?, ?, ?)
Hibernate: 
    select
        count(p1_0.id) 
    from
        Purchase p1_0 
    where
        p1_0.route_id=?
Hibernate: 
    insert 
    into
        Purchase
        (code, date, route_id, totalPrice, user_id) 
    values
        (?, ?, ?, ?, ?)
Hibernate: 
    select
        count(p1_0.id) 
    from
        Purchase p1_0 
    where
        p1_0.route_id=?
Hibernate: 
    insert 
    into
        Purchase
        (code, date, route_id, totalPrice, user_id) 
    values
        (?, ?, ?, ?, ?)
Hibernate: 
    select
        count(p1_0.id) 
    from
        Purchase p1_0 
    where
        p1_0.route_id=?
Hibernate: 
    insert 
    into
        Purchase
        (code, date, route_id, totalPrice, user_id) 
    values
        (?, ?, ?, ?, ?)
Hibernate: 
    select
        count(p1_0.id) 
    from
        Purchase p1_0 
    where
        p1_0.route_id=?
Hibernate: 
    insert 
    into
        Purchase
        (code, date, route_id, totalPrice, user_id) 
    values
        (?, ?, ?, ?, ?)
Hibernate: 
    select
        count(p1_0.id) 
    from
        Purchase p1_0 
    where
        p1_0.route_id=?
Hibernate: 
    insert 
    into
        Purchase
        (code, date, route_id, totalPrice, user_id) 
    values
        (?, ?, ?, ?, ?)
Hibernate: 
    select
        count(p1_0.id) 
    from
        Purchase p1_0 
    where
        p1_0.route_id=?
Hibernate: 
    insert 
    into
        Purchase
        (code, date, route_id, totalPrice, user_id) 
    values
        (?, ?, ?, ?, ?)
Hibernate: 
    select
        count(p1_0.id) 
    from
        Purchase p1_0 
    where
        p1_0.route_id=?
Hibernate: 
    insert 
    into
        Purchase
        (code, date, route_id, totalPrice, user_id) 
    values
        (?, ?, ?, ?, ?)
Hibernate: 
    select
        count(p1_0.id) 
    from
        Purchase p1_0 
    where
        p1_0.route_id=?
Hibernate: 
    insert 
    into
        Purchase
        (code, date, route_id, totalPrice, user_id) 
    values
        (?, ?, ?, ?, ?)
Hibernate: 
    select
        count(p1_0.id) 
    from
        Purchase p1_0 
    where
        p1_0.route_id=?
Hibernate: 
    insert 
    into
        Purchase
        (code, date, route_id, totalPrice, user_id) 
    values
        (?, ?, ?, ?, ?)
Hibernate: 
    select
        count(p1_0.id) 
    from
        Purchase p1_0 
    where
        p1_0.route_id=?
Hibernate: 
    insert 
    into
        Purchase
        (code, date, route_id, totalPrice, user_id) 
    values
        (?, ?, ?, ?, ?)
Hibernate: 
    select
        count(p1_0.id) 
    from
        Purchase p1_0 
    where
        p1_0.route_id=?
Hibernate: 
    insert 
    into
        Purchase
        (code, date, route_id, totalPrice, user_id) 
    values
        (?, ?, ?, ?, ?)
Hibernate: 
    select
        count(p1_0.id) 
    from
        Purchase p1_0 
    where
        p1_0.route_id=?
Hibernate: 
    insert 
    into
        Purchase
        (code, date, route_id, totalPrice, user_id) 
    values
        (?, ?, ?, ?, ?)
Hibernate: 
    select
        count(p1_0.id) 
    from
        Purchase p1_0 
    where
        p1_0.route_id=?
Hibernate: 
    insert 
    into
        Purchase
        (code, date, route_id, totalPrice, user_id) 
    values
        (?, ?, ?, ?, ?)
Hibernate: 
    select
        count(p1_0.id) 
    from
        Purchase p1_0 
    where
        p1_0.route_id=?
Hibernate: 
    insert 
    into
        Purchase
        (code, date, route_id, totalPrice, user_id) 
    values
        (?, ?, ?, ?, ?)
Hibernate: 
    select
        count(p1_0.id) 
    from
        Purchase p1_0 
    where
        p1_0.route_id=?
Hibernate: 
    insert 
    into
        Purchase
        (code, date, route_id, totalPrice, user_id) 
    values
        (?, ?, ?, ?, ?)
Hibernate: 
    select
        count(p1_0.id) 
    from
        Purchase p1_0 
    where
        p1_0.route_id=?
Hibernate: 
    insert 
    into
        Purchase
        (code, date, route_id, totalPrice, user_id) 
    values
        (?, ?, ?, ?, ?)
Hibernate: 
    select
        count(p1_0.id) 
    from
        Purchase p1_0 
    where
        p1_0.route_id=?
Hibernate: 
    insert 
    into
        Purchase
        (code, date, route_id, totalPrice, user_id) 
    values
        (?, ?, ?, ?, ?)
Hibernate: 
    select
        count(p1_0.id) 
    from
        Purchase p1_0 
    where
        p1_0.route_id=?
Hibernate: 
    insert 
    into
        Purchase
        (code, date, route_id, totalPrice, user_id) 
    values
        (?, ?, ?, ?, ?)
Hibernate: 
    insert 
    into
        ItemService
        (purchase_id, quantity, service_id) 
    values
        (?, ?, ?)
Hibernate: 
    insert 
    into
        ItemService
        (purchase_id, quantity, service_id) 
    values
        (?, ?, ?)
Hibernate: 
    insert 
    into
        ItemService
        (purchase_id, quantity, service_id) 
    values
        (?, ?, ?)
Hibernate: 
    insert 
    into
        ItemService
        (purchase_id, quantity, service_id) 
    values
        (?, ?, ?)
Hibernate: 
    insert 
    into
        ItemService
        (purchase_id, quantity, service_id) 
    values
        (?, ?, ?)
Hibernate: 
    insert 
    into
        ItemService
        (purchase_id, quantity, service_id) 
    values
        (?, ?, ?)
Hibernate: 
    insert 
    into
        ItemService
        (purchase_id, quantity, service_id) 
    values
        (?, ?, ?)
Hibernate: 
    insert 
    into
        ItemService
        (purchase_id, quantity, service_id) 
    values
        (?, ?, ?)
Hibernate: 
    insert 
    into
        ItemService
        (purchase_id, quantity, service_id) 
    values
        (?, ?, ?)
Hibernate: 
    insert 
    into
        ItemService
        (purchase_id, quantity, service_id) 
    values
        (?, ?, ?)
Hibernate: 
    insert 
    into
        ItemService
        (purchase_id, quantity, service_id) 
    values
        (?, ?, ?)
Hibernate: 
    insert 
    into
        ItemService
        (purchase_id, quantity, service_id) 
    values
        (?, ?, ?)
Hibernate: 
    insert 
    into
        ItemService
        (purchase_id, quantity, service_id) 
    values
        (?, ?, ?)
Hibernate: 
    insert 
    into
        ItemService
        (purchase_id, quantity, service_id) 
    values
        (?, ?, ?)
Hibernate: 
    insert 
    into
        ItemService
        (purchase_id, quantity, service_id) 
    values
        (?, ?, ?)
Hibernate: 
    insert 
    into
        ItemService
        (purchase_id, quantity, service_id) 
    values
        (?, ?, ?)
Hibernate: 
    insert 
    into
        ItemService
        (purchase_id, quantity, service_id) 
    values
        (?, ?, ?)
Hibernate: 
    insert 
    into
        ItemService
        (purchase_id, quantity, service_id) 
    values
        (?, ?, ?)
Hibernate: 
    insert 
    into
        ItemService
        (purchase_id, quantity, service_id) 
    values
        (?, ?, ?)
Hibernate: 
    insert 
    into
        ItemService
        (purchase_id, quantity, service_id) 
    values
        (?, ?, ?)
Hibernate: 
    insert 
    into
        ItemService
        (purchase_id, quantity, service_id) 
    values
        (?, ?, ?)
Hibernate: 
    insert 
    into
        ItemService
        (purchase_id, quantity, service_id) 
    values
        (?, ?, ?)
Hibernate: 
    insert 
    into
        ItemService
        (purchase_id, quantity, service_id) 
    values
        (?, ?, ?)
Hibernate: 
    insert 
    into
        ItemService
        (purchase_id, quantity, service_id) 
    values
        (?, ?, ?)
Hibernate: 
    insert 
    into
        Review
        (comment, purchase_id, rating) 
    values
        (?, ?, ?)
Hibernate: 
    insert 
    into
        Review
        (comment, purchase_id, rating) 
    values
        (?, ?, ?)
Hibernate: 
    insert 
    into
        Review
        (comment, purchase_id, rating) 
    values
        (?, ?, ?)
Hibernate: 
    insert 
    into
        Review
        (comment, purchase_id, rating) 
    values
        (?, ?, ?)
Hibernate: 
    insert 
    into
        Review
        (comment, purchase_id, rating) 
    values
        (?, ?, ?)
Hibernate: 
    insert 
    into
        Review
        (comment, purchase_id, rating) 
    values
        (?, ?, ?)
Hibernate: 
    insert 
    into
        Review
        (comment, purchase_id, rating) 
    values
        (?, ?, ?)
Hibernate: 
    insert 
    into
        Review
        (comment, purchase_id, rating) 
    values
        (?, ?, ?)
Hibernate: 
    insert 
    into
        Review
        (comment, purchase_id, rating) 
    values
        (?, ?, ?)
Hibernate: 
    insert 
    into
        Review
        (comment, purchase_id, rating) 
    values
        (?, ?, ?)
Hibernate: 
    insert 
    into
        Review
        (comment, purchase_id, rating) 
    values
        (?, ?, ?)
Hibernate: 
    insert 
    into
        Review
        (comment, purchase_id, rating) 
    values
        (?, ?, ?)
Hibernate: 
    insert 
    into
        Review
        (comment, purchase_id, rating) 
    values
        (?, ?, ?)
Hibernate: 
    insert 
    into
        Review
        (comment, purchase_id, rating) 
    values
        (?, ?, ?)
Hibernate: 
    insert 
    into
        Review
        (comment, purchase_id, rating) 
    values
        (?, ?, ?)
Hibernate: 
    insert 
    into
        Review
        (comment, purchase_id, rating) 
    values
        (?, ?, ?)
Hibernate: 
    update
        Purchase 
    set
        code=?,
        date=?,
        route_id=?,
        totalPrice=?,
        user_id=? 
    where
        id=?
Hibernate: 
    update
        Purchase 
    set
        code=?,
        date=?,
        route_id=?,
        totalPrice=?,
        user_id=? 
    where
        id=?
Hibernate: 
    update
        Purchase 
    set
        code=?,
        date=?,
        route_id=?,
        totalPrice=?,
        user_id=? 
    where
        id=?
Hibernate: 
    update
        Purchase 
    set
        code=?,
        date=?,
        route_id=?,
        totalPrice=?,
        user_id=? 
    where
        id=?
Hibernate: 
    update
        Purchase 
    set
        code=?,
        date=?,
        route_id=?,
        totalPrice=?,
        user_id=? 
    where
        id=?
Hibernate: 
    update
        Purchase 
    set
        code=?,
        date=?,
        route_id=?,
        totalPrice=?,
        user_id=? 
    where
        id=?
Hibernate: 
    update
        Purchase 
    set
        code=?,
        date=?,
        route_id=?,
        totalPrice=?,
        user_id=? 
    where
        id=?
Hibernate: 
    update
        Purchase 
    set
        code=?,
        date=?,
        route_id=?,
        totalPrice=?,
        user_id=? 
    where
        id=?
Hibernate: 
    update
        Purchase 
    set
        code=?,
        date=?,
        route_id=?,
        totalPrice=?,
        user_id=? 
    where
        id=?
Hibernate: 
    update
        Purchase 
    set
        code=?,
        date=?,
        route_id=?,
        totalPrice=?,
        user_id=? 
    where
        id=?
Hibernate: 
    update
        Purchase 
    set
        code=?,
        date=?,
        route_id=?,
        totalPrice=?,
        user_id=? 
    where
        id=?
Hibernate: 
    update
        Purchase 
    set
        code=?,
        date=?,
        route_id=?,
        totalPrice=?,
        user_id=? 
    where
        id=?
Hibernate: 
    update
        Purchase 
    set
        code=?,
        date=?,
        route_id=?,
        totalPrice=?,
        user_id=? 
    where
        id=?
Hibernate: 
    update
        Purchase 
    set
        code=?,
        date=?,
        route_id=?,
        totalPrice=?,
        user_id=? 
    where
        id=?
Hibernate: 
    update
        Purchase 
    set
        code=?,
        date=?,
        route_id=?,
        totalPrice=?,
        user_id=? 
    where
        id=?
Hibernate: 
    update
        Purchase 
    set
        code=?,
        date=?,
        route_id=?,
        totalPrice=?,
        user_id=? 
    where
        id=?
Hibernate: 
    update
        Purchase 
    set
        code=?,
        date=?,
        route_id=?,
        totalPrice=?,
        user_id=? 
    where
        id=?
Hibernate: 
    update
        Purchase 
    set
        code=?,
        date=?,
        route_id=?,
        totalPrice=?,
        user_id=? 
    where
        id=?
Hibernate: 
    select
        r1_0.id,
        r1_0.maxNumberUsers,
        r1_0.name,
        r1_0.price,
        r1_0.totalKm 
    from
        Route r1_0 
    where
        r1_0.id not in (select
            distinct p1_0.route_id 
        from
            Purchase p1_0)
]]></system-out>
  </testcase>
  <testcase name="getAllPurchasesOfUsernameTest" classname="unlp.info.bd2.ToursQuerysTests" time="0.012">
    <system-out><![CDATA[Hibernate: 
    select
        p1_0.id,
        p1_0.code,
        p1_0.date,
        p1_0.route_id,
        p1_0.totalPrice,
        p1_0.user_id 
    from
        Purchase p1_0 
    join
        User u1_0 
            on u1_0.id=p1_0.user_id 
    where
        u1_0.username=?
Hibernate: 
    select
        r1_0.id,
        r1_0.comment,
        r1_0.purchase_id,
        p1_0.id,
        p1_0.code,
        p1_0.date,
        r2_0.id,
        r2_0.maxNumberUsers,
        r2_0.name,
        r2_0.price,
        r2_0.totalKm,
        p1_0.totalPrice,
        u1_0.id,
        case 
            when u1_1.id is not null 
                then 1 
            when u1_2.id is not null 
                then 2 
            when u1_0.id is not null 
                then 0 
            end,
            u1_0.active,
            u1_0.birthdate,
            u1_0.email,
            u1_0.name,
            u1_0.password,
            u1_0.phoneNumber,
            u1_0.username,
            u1_1.expedient,
            u1_2.education,
            u1_1.id,
            u1_2.id,
            r1_0.rating 
        from
            Review r1_0 
        join
            Purchase p1_0 
                on p1_0.id=r1_0.purchase_id 
        left join
            Route r2_0 
                on r2_0.id=p1_0.route_id 
        left join
            (User u1_0 
        left join
            DriverUser u1_1 
                on u1_0.id=u1_1.id 
        left join
            TourGuideUser u1_2 
                on u1_0.id=u1_2.id) 
            on u1_0.id=p1_0.user_id 
        where
            r1_0.purchase_id=?
Hibernate: 
    select
        r1_0.id,
        r1_0.comment,
        r1_0.purchase_id,
        p1_0.id,
        p1_0.code,
        p1_0.date,
        r2_0.id,
        r2_0.maxNumberUsers,
        r2_0.name,
        r2_0.price,
        r2_0.totalKm,
        p1_0.totalPrice,
        u1_0.id,
        case 
            when u1_1.id is not null 
                then 1 
            when u1_2.id is not null 
                then 2 
            when u1_0.id is not null 
                then 0 
            end,
            u1_0.active,
            u1_0.birthdate,
            u1_0.email,
            u1_0.name,
            u1_0.password,
            u1_0.phoneNumber,
            u1_0.username,
            u1_1.expedient,
            u1_2.education,
            u1_1.id,
            u1_2.id,
            r1_0.rating 
        from
            Review r1_0 
        join
            Purchase p1_0 
                on p1_0.id=r1_0.purchase_id 
        left join
            Route r2_0 
                on r2_0.id=p1_0.route_id 
        left join
            (User u1_0 
        left join
            DriverUser u1_1 
                on u1_0.id=u1_1.id 
        left join
            TourGuideUser u1_2 
                on u1_0.id=u1_2.id) 
            on u1_0.id=p1_0.user_id 
        where
            r1_0.purchase_id=?
Hibernate: 
    select
        r1_0.id,
        r1_0.comment,
        r1_0.purchase_id,
        p1_0.id,
        p1_0.code,
        p1_0.date,
        r2_0.id,
        r2_0.maxNumberUsers,
        r2_0.name,
        r2_0.price,
        r2_0.totalKm,
        p1_0.totalPrice,
        u1_0.id,
        case 
            when u1_1.id is not null 
                then 1 
            when u1_2.id is not null 
                then 2 
            when u1_0.id is not null 
                then 0 
            end,
            u1_0.active,
            u1_0.birthdate,
            u1_0.email,
            u1_0.name,
            u1_0.password,
            u1_0.phoneNumber,
            u1_0.username,
            u1_1.expedient,
            u1_2.education,
            u1_1.id,
            u1_2.id,
            r1_0.rating 
        from
            Review r1_0 
        join
            Purchase p1_0 
                on p1_0.id=r1_0.purchase_id 
        left join
            Route r2_0 
                on r2_0.id=p1_0.route_id 
        left join
            (User u1_0 
        left join
            DriverUser u1_1 
                on u1_0.id=u1_1.id 
        left join
            TourGuideUser u1_2 
                on u1_0.id=u1_2.id) 
            on u1_0.id=p1_0.user_id 
        where
            r1_0.purchase_id=?
Hibernate: 
    select
        r1_0.id,
        r1_0.comment,
        r1_0.purchase_id,
        p1_0.id,
        p1_0.code,
        p1_0.date,
        r2_0.id,
        r2_0.maxNumberUsers,
        r2_0.name,
        r2_0.price,
        r2_0.totalKm,
        p1_0.totalPrice,
        u1_0.id,
        case 
            when u1_1.id is not null 
                then 1 
            when u1_2.id is not null 
                then 2 
            when u1_0.id is not null 
                then 0 
            end,
            u1_0.active,
            u1_0.birthdate,
            u1_0.email,
            u1_0.name,
            u1_0.password,
            u1_0.phoneNumber,
            u1_0.username,
            u1_1.expedient,
            u1_2.education,
            u1_1.id,
            u1_2.id,
            r1_0.rating 
        from
            Review r1_0 
        join
            Purchase p1_0 
                on p1_0.id=r1_0.purchase_id 
        left join
            Route r2_0 
                on r2_0.id=p1_0.route_id 
        left join
            (User u1_0 
        left join
            DriverUser u1_1 
                on u1_0.id=u1_1.id 
        left join
            TourGuideUser u1_2 
                on u1_0.id=u1_2.id) 
            on u1_0.id=p1_0.user_id 
        where
            r1_0.purchase_id=?
Hibernate: 
    select
        r1_0.id,
        r1_0.comment,
        r1_0.purchase_id,
        p1_0.id,
        p1_0.code,
        p1_0.date,
        r2_0.id,
        r2_0.maxNumberUsers,
        r2_0.name,
        r2_0.price,
        r2_0.totalKm,
        p1_0.totalPrice,
        u1_0.id,
        case 
            when u1_1.id is not null 
                then 1 
            when u1_2.id is not null 
                then 2 
            when u1_0.id is not null 
                then 0 
            end,
            u1_0.active,
            u1_0.birthdate,
            u1_0.email,
            u1_0.name,
            u1_0.password,
            u1_0.phoneNumber,
            u1_0.username,
            u1_1.expedient,
            u1_2.education,
            u1_1.id,
            u1_2.id,
            r1_0.rating 
        from
            Review r1_0 
        join
            Purchase p1_0 
                on p1_0.id=r1_0.purchase_id 
        left join
            Route r2_0 
                on r2_0.id=p1_0.route_id 
        left join
            (User u1_0 
        left join
            DriverUser u1_1 
                on u1_0.id=u1_1.id 
        left join
            TourGuideUser u1_2 
                on u1_0.id=u1_2.id) 
            on u1_0.id=p1_0.user_id 
        where
            r1_0.purchase_id=?
Hibernate: 
    select
        r1_0.id,
        r1_0.comment,
        r1_0.purchase_id,
        p1_0.id,
        p1_0.code,
        p1_0.date,
        r2_0.id,
        r2_0.maxNumberUsers,
        r2_0.name,
        r2_0.price,
        r2_0.totalKm,
        p1_0.totalPrice,
        u1_0.id,
        case 
            when u1_1.id is not null 
                then 1 
            when u1_2.id is not null 
                then 2 
            when u1_0.id is not null 
                then 0 
            end,
            u1_0.active,
            u1_0.birthdate,
            u1_0.email,
            u1_0.name,
            u1_0.password,
            u1_0.phoneNumber,
            u1_0.username,
            u1_1.expedient,
            u1_2.education,
            u1_1.id,
            u1_2.id,
            r1_0.rating 
        from
            Review r1_0 
        join
            Purchase p1_0 
                on p1_0.id=r1_0.purchase_id 
        left join
            Route r2_0 
                on r2_0.id=p1_0.route_id 
        left join
            (User u1_0 
        left join
            DriverUser u1_1 
                on u1_0.id=u1_1.id 
        left join
            TourGuideUser u1_2 
                on u1_0.id=u1_2.id) 
            on u1_0.id=p1_0.user_id 
        where
            r1_0.purchase_id=?
Hibernate: 
    select
        p1_0.id,
        p1_0.code,
        p1_0.date,
        p1_0.route_id,
        p1_0.totalPrice,
        p1_0.user_id 
    from
        Purchase p1_0 
    join
        User u1_0 
            on u1_0.id=p1_0.user_id 
    where
        u1_0.username=?
Hibernate: 
    select
        r1_0.id,
        r1_0.comment,
        r1_0.purchase_id,
        p1_0.id,
        p1_0.code,
        p1_0.date,
        r2_0.id,
        r2_0.maxNumberUsers,
        r2_0.name,
        r2_0.price,
        r2_0.totalKm,
        p1_0.totalPrice,
        u1_0.id,
        case 
            when u1_1.id is not null 
                then 1 
            when u1_2.id is not null 
                then 2 
            when u1_0.id is not null 
                then 0 
            end,
            u1_0.active,
            u1_0.birthdate,
            u1_0.email,
            u1_0.name,
            u1_0.password,
            u1_0.phoneNumber,
            u1_0.username,
            u1_1.expedient,
            u1_2.education,
            u1_1.id,
            u1_2.id,
            r1_0.rating 
        from
            Review r1_0 
        join
            Purchase p1_0 
                on p1_0.id=r1_0.purchase_id 
        left join
            Route r2_0 
                on r2_0.id=p1_0.route_id 
        left join
            (User u1_0 
        left join
            DriverUser u1_1 
                on u1_0.id=u1_1.id 
        left join
            TourGuideUser u1_2 
                on u1_0.id=u1_2.id) 
            on u1_0.id=p1_0.user_id 
        where
            r1_0.purchase_id=?
Hibernate: 
    select
        p1_0.id,
        p1_0.code,
        p1_0.date,
        p1_0.route_id,
        p1_0.totalPrice,
        p1_0.user_id 
    from
        Purchase p1_0 
    join
        User u1_0 
            on u1_0.id=p1_0.user_id 
    where
        u1_0.username=?
]]></system-out>
  </testcase>
  <testcase name="getRoutesWithStopTest" classname="unlp.info.bd2.ToursQuerysTests" time="0.006">
    <system-out><![CDATA[Hibernate: 
    select
        s1_0.id,
        s1_0.description,
        s1_0.name 
    from
        Stop s1_0 
    where
        s1_0.name like ? escape ''
Hibernate: 
    select
        s1_0.id,
        s1_0.description,
        s1_0.name 
    from
        Stop s1_0 
    where
        s1_0.name like ? escape ''
Hibernate: 
    select
        s1_0.id,
        s1_0.description,
        s1_0.name 
    from
        Stop s1_0 
    where
        s1_0.name like ? escape ''
Hibernate: 
    select
        distinct r1_0.id,
        r1_0.maxNumberUsers,
        r1_0.name,
        r1_0.price,
        r1_0.totalKm 
    from
        Route r1_0 
    join
        Route_Stop s1_0 
            on r1_0.id=s1_0.Route_id 
    where
        s1_0.stops_id=?
Hibernate: 
    select
        distinct r1_0.id,
        r1_0.maxNumberUsers,
        r1_0.name,
        r1_0.price,
        r1_0.totalKm 
    from
        Route r1_0 
    join
        Route_Stop s1_0 
            on r1_0.id=s1_0.Route_id 
    where
        s1_0.stops_id=?
Hibernate: 
    select
        distinct r1_0.id,
        r1_0.maxNumberUsers,
        r1_0.name,
        r1_0.price,
        r1_0.totalKm 
    from
        Route r1_0 
    join
        Route_Stop s1_0 
            on r1_0.id=s1_0.Route_id 
    where
        s1_0.stops_id=?
]]></system-out>
  </testcase>
  <testcase name="getMaxStopOfRoutesTest" classname="unlp.info.bd2.ToursQuerysTests" time="0.012">
    <system-out><![CDATA[Hibernate: 
    select
        max((select
            count(1) 
        from
            Route_Stop s1_0 
        where
            r1_0.id=s1_0.Route_id)) 
    from
        Route r1_0
]]></system-out>
  </testcase>
  <testcase name="getTopNSuppliersInPurchasesTest" classname="unlp.info.bd2.ToursQuerysTests" time="0.01">
    <system-out><![CDATA[Hibernate: 
    select
        s2_0.id,
        s2_0.authorizationNumber,
        s2_0.businessName 
    from
        ItemService is1_0 
    join
        Service s1_0 
            on s1_0.id=is1_0.service_id 
    join
        Supplier s2_0 
            on s2_0.id=s1_0.supplier_id 
    group by
        s2_0.id 
    order by
        count(distinct is1_0.purchase_id) desc 
    limit
        ?
Hibernate: 
    select
        s2_0.id,
        s2_0.authorizationNumber,
        s2_0.businessName 
    from
        ItemService is1_0 
    join
        Service s1_0 
            on s1_0.id=is1_0.service_id 
    join
        Supplier s2_0 
            on s2_0.id=s1_0.supplier_id 
    group by
        s2_0.id 
    order by
        count(distinct is1_0.purchase_id) desc 
    limit
        ?
]]></system-out>
  </testcase>
  <testcase name="init" classname="unlp.info.bd2.ToursQuerysTests" time="0.002"/>
  <testcase name="getUserSpendingMoreThanTest" classname="unlp.info.bd2.ToursQuerysTests" time="0.005">
    <system-out><![CDATA[Hibernate: 
    select
        distinct u1_0.id,
        case 
            when u1_1.id is not null 
                then 1 
            when u1_2.id is not null 
                then 2 
            when u1_0.id is not null 
                then 0 
            end,
            u1_0.active,
            u1_0.birthdate,
            u1_0.email,
            u1_0.name,
            u1_0.password,
            u1_0.phoneNumber,
            u1_0.username,
            u1_1.expedient,
            u1_1.id,
            u1_2.education,
            u1_2.id 
        from
            Purchase p1_0 
        join
            (User u1_0 
        left join
            DriverUser u1_1 
                on u1_0.id=u1_1.id 
        left join
            TourGuideUser u1_2 
                on u1_0.id=u1_2.id) 
            on u1_0.id=p1_0.user_id 
        where
            p1_0.totalPrice>=?
Hibernate: 
    select
        distinct u1_0.id,
        case 
            when u1_1.id is not null 
                then 1 
            when u1_2.id is not null 
                then 2 
            when u1_0.id is not null 
                then 0 
            end,
            u1_0.active,
            u1_0.birthdate,
            u1_0.email,
            u1_0.name,
            u1_0.password,
            u1_0.phoneNumber,
            u1_0.username,
            u1_1.expedient,
            u1_1.id,
            u1_2.education,
            u1_2.id 
        from
            Purchase p1_0 
        join
            (User u1_0 
        left join
            DriverUser u1_1 
                on u1_0.id=u1_1.id 
        left join
            TourGuideUser u1_2 
                on u1_0.id=u1_2.id) 
            on u1_0.id=p1_0.user_id 
        where
            p1_0.totalPrice>=?
Hibernate: 
    select
        distinct u1_0.id,
        case 
            when u1_1.id is not null 
                then 1 
            when u1_2.id is not null 
                then 2 
            when u1_0.id is not null 
                then 0 
            end,
            u1_0.active,
            u1_0.birthdate,
            u1_0.email,
            u1_0.name,
            u1_0.password,
            u1_0.phoneNumber,
            u1_0.username,
            u1_1.expedient,
            u1_1.id,
            u1_2.education,
            u1_2.id 
        from
            Purchase p1_0 
        join
            (User u1_0 
        left join
            DriverUser u1_1 
                on u1_0.id=u1_1.id 
        left join
            TourGuideUser u1_2 
                on u1_0.id=u1_2.id) 
            on u1_0.id=p1_0.user_id 
        where
            p1_0.totalPrice>=?
]]></system-out>
  </testcase>
  <testcase name="getMostDemandedServiceTest" classname="unlp.info.bd2.ToursQuerysTests" time="0.003">
    <system-out><![CDATA[Hibernate: 
    select
        s1_0.id,
        s1_0.description,
        s1_0.name,
        s1_0.price,
        s1_0.supplier_id 
    from
        ItemService is1_0 
    join
        Service s1_0 
            on s1_0.id=is1_0.service_id 
    group by
        s1_0.id 
    order by
        count(distinct is1_0.purchase_id) desc 
    limit
        ?
Hibernate: 
    select
        s1_0.id,
        s1_0.authorizationNumber,
        s1_0.businessName 
    from
        Supplier s1_0 
    where
        s1_0.id=?
]]></system-out>
  </testcase>
  <testcase name="getTourGuidesWithRating1Test" classname="unlp.info.bd2.ToursQuerysTests" time="0.005">
    <system-out><![CDATA[Hibernate: 
    select
        distinct tgl1_1.id,
        tgl1_2.active,
        tgl1_2.birthdate,
        tgl1_2.email,
        tgl1_2.name,
        tgl1_2.password,
        tgl1_2.phoneNumber,
        tgl1_2.id,
        tgl1_2.username,
        tgl1_1.education 
    from
        Purchase p1_0 
    join
        Review r1_0 
            on p1_0.id=r1_0.purchase_id 
    join
        Route r2_0 
            on r2_0.id=p1_0.route_id 
    join
        route_tour_guide tgl1_0 
            on r2_0.id=tgl1_0.route_id 
    join
        (TourGuideUser tgl1_1 
    join
        User tgl1_2 
            on tgl1_1.id=tgl1_2.id) 
        on tgl1_1.id=tgl1_0.tour_guide_id 
    where
        r1_0.rating=1
]]></system-out>
  </testcase>
  <testcase name="getTop3RoutesWithMaxRatingTest" classname="unlp.info.bd2.ToursQuerysTests" time="0.004">
    <system-out><![CDATA[Hibernate: 
    select
        r2_0.id,
        r2_0.maxNumberUsers,
        r2_0.name,
        r2_0.price,
        r2_0.totalKm 
    from
        Purchase p1_0 
    join
        Review r1_0 
            on p1_0.id=r1_0.purchase_id 
    join
        Route r2_0 
            on r2_0.id=p1_0.route_id 
    group by
        r2_0.id 
    order by
        avg(r1_0.rating) desc 
    limit
        ?
]]></system-out>
  </testcase>
  <testcase name="getCountOfPurchasesBetweenDatesTest" classname="unlp.info.bd2.ToursQuerysTests" time="0.006">
    <system-out><![CDATA[Hibernate: 
    select
        count(p1_0.id) 
    from
        Purchase p1_0 
    where
        p1_0.date between ? and ?
Hibernate: 
    select
        count(p1_0.id) 
    from
        Purchase p1_0 
    where
        p1_0.date between ? and ?
Hibernate: 
    select
        count(p1_0.id) 
    from
        Purchase p1_0 
    where
        p1_0.date between ? and ?
]]></system-out>
  </testcase>
</testsuite>